<?xml version="1.0" encoding="UTF-8"?>
<testng-results skipped="0" failed="0" total="1" passed="1">
  <reporter-output>
  </reporter-output>
  <suite name="Default suite" duration-ms="118427" started-at="2016-08-08T03:26:30Z" finished-at="2016-08-08T03:28:29Z">
    <groups>
    </groups>
    <test name="Default test" duration-ms="118427" started-at="2016-08-08T03:26:30Z" finished-at="2016-08-08T03:28:29Z">
      <class name="day32.DatadrivenTestingthroughDB">
        <test-method status="PASS" signature="setUp()[pri:0, instance:day32.DatadrivenTestingthroughDB@6a812a5d]" name="setUp" is-config="true" duration-ms="57994" started-at="2016-08-07T20:26:30Z" finished-at="2016-08-07T20:27:28Z">
          <reporter-output>
          </reporter-output>
        </test-method> <!-- setUp -->
        <test-method status="PASS" signature="DBTest()[pri:0, instance:day32.DatadrivenTestingthroughDB@6a812a5d]" name="DBTest" duration-ms="60345" started-at="2016-08-07T20:27:28Z" finished-at="2016-08-07T20:28:29Z">
          <reporter-output>
          </reporter-output>
        </test-method> <!-- DBTest -->
      </class> <!-- day32.DatadrivenTestingthroughDB -->
    </test> <!-- Default test -->
  </suite> <!-- Default suite -->
</testng-results>
