<?xml version="1.0" encoding="UTF-8"?>
<!-- Generated by org.testng.reporters.JUnitXMLReporter -->
<testsuite hostname="Sai-PC" name="Flight Ticket Bookin Test" tests="5" failures="0" timestamp="23 Jul 2016 02:45:35 GMT" time="33.587" errors="0">
  <testcase name="loginTest" time="27.063" classname="day23.testsuite.Login"/>
  <testcase name="flightDetailsTest" time="2.02" classname="day23.testsuite.FlightDetails"/>
  <testcase name="selectFlightTest" time="2.194" classname="day23.testsuite.SelectFlight"/>
  <testcase name="bookFlightTest" time="2.016" classname="day23.testsuite.BookFlight"/>
  <testcase name="flightConfirmTest" time="0.174" classname="day23.testsuite.FlightConfirmation"/>
</testsuite> <!-- Flight Ticket Bookin Test -->
